<?xml version="1.0" encoding="UTF-8" ?>
<testsuite tests="3" failures="3" name="manko_tubes.UserDataTest" time="0.038" errors="0" skipped="0">
  <properties>
[...]
</properties>
  <testcase classname="manko_tubes.UserDataTest" name="manko_tubes.UserDataTest.testInvalidUserIdOrPassword" time="0.003">
    <failure message="Unresolved compilation problems: 
	Type mismatch: cannot convert from AssertionError to Exception
	Type mismatch: cannot convert from AssertionError to Exception
" type="java.lang.Error">java.lang.Error: Unresolved compilation problems: 
	Type mismatch: cannot convert from AssertionError to Exception
	Type mismatch: cannot convert from AssertionError to Exception

	at manko_tubes.UserDataTest.testInvalidUserIdOrPassword(UserDataTest.java:46)
</failure>
  </testcase>
  <testcase classname="manko_tubes.UserDataTest" name="manko_tubes.UserDataTest.testLoginFailure" time="0.03">
    <failure message="expected: &lt;Login USER 1234 gagal, telah gagal login1 kali&gt; but was: &lt;Login USER 1234 gagal, telah gagal login0 kali&gt;" type="org.opentest4j.AssertionFailedError">org.opentest4j.AssertionFailedError: expected: &lt;Login USER 1234 gagal, telah gagal login1 kali&gt; but was: &lt;Login USER 1234 gagal, telah gagal login0 kali&gt;
	at org.junit.jupiter.api.AssertionUtils.fail(AssertionUtils.java:55)
	at org.junit.jupiter.api.AssertionUtils.failNotEqual(AssertionUtils.java:62)
	at org.junit.jupiter.api.AssertEquals.assertEquals(AssertEquals.java:182)
	at org.junit.jupiter.api.AssertEquals.assertEquals(AssertEquals.java:177)
	at org.junit.jupiter.api.Assertions.assertEquals(Assertions.java:1141)
	at manko_tubes.UserDataTest.testLoginFailure(UserDataTest.java:38)
</failure>
  </testcase>
  <testcase classname="manko_tubes.UserDataTest" name="manko_tubes.UserDataTest.testLoginSuccess" time="0.005">
    <failure message="Unexpected exception thrown: java.lang.NullPointerException: Cannot invoke &quot;manko_tubes.UserData.login()&quot; because &quot;this.userData&quot; is null" type="org.opentest4j.AssertionFailedError">org.opentest4j.AssertionFailedError: Unexpected exception thrown: java.lang.NullPointerException: Cannot invoke &quot;manko_tubes.UserData.login()&quot; because &quot;this.userData&quot; is null
	at org.junit.jupiter.api.AssertDoesNotThrow.createAssertionFailedError(AssertDoesNotThrow.java:83)
	at org.junit.jupiter.api.AssertDoesNotThrow.assertDoesNotThrow(AssertDoesNotThrow.java:54)
	at org.junit.jupiter.api.AssertDoesNotThrow.assertDoesNotThrow(AssertDoesNotThrow.java:37)
	at org.junit.jupiter.api.Assertions.assertDoesNotThrow(Assertions.java:3135)
	at manko_tubes.UserDataTest.testLoginSuccess(UserDataTest.java:29)
Caused by: java.lang.NullPointerException: Cannot invoke &quot;manko_tubes.UserData.login()&quot; because &quot;this.userData&quot; is null
	at manko_tubes.UserDataTest.lambda$0(UserDataTest.java:29)
	at org.junit.jupiter.api.AssertDoesNotThrow.assertDoesNotThrow(AssertDoesNotThrow.java:50)
	... 17 more
</failure>
  </testcase>
</testsuite>